#
# A fatal error has been detected by the Java Runtime Environment:
#
#  SIGSEGV (0xb) at pc=0x0000000120d635dd, pid=2283, tid=1811
#
# JRE version: Java(TM) SE Runtime Environment (8.0_51-b16) (build 1.8.0_51-b16)
# Java VM: Java HotSpot(TM) 64-Bit Server VM (25.51-b03 mixed mode bsd-amd64 compressed oops)
# Problematic frame:
# C  [libglass.dylib+0x155dd]  GlassScreenDidChangeScreenParameters+0x9d
#
# Failed to write core dump. Core dumps have been disabled. To enable core dumping, try "ulimit -c unlimited" before starting Java again
#
# If you would like to submit a bug report, please visit:
#   http://bugreport.java.com/bugreport/crash.jsp
#

---------------  T H R E A D  ---------------

Current thread is native thread

siginfo: si_signo: 11 (SIGSEGV), si_code: 1 (SEGV_MAPERR), si_addr: 0x0000000000000000

Registers:
RAX=0x0000000120d95bc0, RBX=0x0000000000000000, RCX=0x8e00beb63b6a73d6, RDX=0x00007fadea56ca40
RSP=0x00007fff573b97e0, RBP=0x00007fff573b97f0, RSI=0x00007fadea6099d8, RDI=0x0000000000000000
R8 =0x00007fff573b9690, R9 =0x00007fff71ed6300, R10=0x0000000000000000, R11=0x0000000000000246
R12=0x00007fadea50e0c0, R13=0x00000000000f426a, R14=0x00007fadea64d580, R15=0x00007fff573b9930
RIP=0x0000000120d635dd, EFLAGS=0x0000000000010202, ERR=0x0000000000000004
  TRAPNO=0x000000000000000e

Top of Stack: (sp=0x00007fff573b97e0)
0x00007fff573b97e0:   00007fff573b99c0 00007fadea64d580
0x00007fff573b97f0:   00007fff573b9800 00007fff80ee445c
0x00007fff573b9800:   00007fff573b9b60 00007fff80dd4634
0x00007fff573b9810:   00007fff573b9860 0000000000001e00
0x00007fff573b9820:   00007fff70db9ed0 00007fadea7f1bd0
0x00007fff573b9830:   0000000000001003 0000000000000918
0x00007fff573b9840:   00007fadea7f1bd0 00007fadea64d580
0x00007fff573b9850:   0000000000000000 00007fff573b9930
0x00007fff573b9860:   0000000000000000 00007fadea64d540
0x00007fff573b9870:   00007fff573b99b0 0000000000000061
0x00007fff573b9880:   00000000000f4310 00007fadea638600
0x00007fff573b9890:   00007fadea4495b0 00007fadea50e0c0
0x00007fff573b98a0:   0000000000000001 00000000000f426a
0x00007fff573b98b0:   00007fadea50e0b0 00007fff8dbadb90
0x00007fff573b98c0:   0000000000000001 0000000000000001
0x00007fff573b98d0:   0000000000000030 0000000000000001
0x00007fff573b98e0:   00007fff573b9900 00007fff8dbae546
0x00007fff573b98f0:   00007fff70db7fb0 0000000000000000
0x00007fff573b9900:   00007fff573b9920 0000000000000000
0x00007fff573b9910:   0002d90300002000 00007fadea50e0e4
0x00007fff573b9920:   0000000000000000 00007fff80dca10f
0x00007fff573b9930:   00007fadea64d580 00007fff70db7fb0
0x00007fff573b9940:   00007fff573b99c0 00007fff80dd2c3f
0x00007fff573b9950:   00007fff573b9a48 00007fadea551f30
0x00007fff573b9960:   0000000108861a00 0000000000000002
0x00007fff573b9970:   000000010885e000 00007fadea64eab2
0x00007fff573b9980:   0000000000000003 0000000108863800
0x00007fff573b9990:   00007fff573b9a80 00007fff8dbaab36
0x00007fff573b99a0:   00007fadea449140 00007fff573b9b68
0x00007fff573b99b0:   0000000000000017 0000000000000000
0x00007fff573b99c0:   00000000000f426a 00007fff80dca403
0x00007fff573b99d0:   00007fff00000000 00007fadea74d9e0 

Instructions: (pc=0x0000000120d635dd)
0x0000000120d635bd:   89 df 4c 89 f1 41 ff 90 68 04 00 00 48 8d 05 f8
0x0000000120d635cd:   24 03 00 48 8b 30 48 8d 05 e6 25 03 00 48 8b 10
0x0000000120d635dd:   48 8b 0b 30 c0 48 89 df ff 91 68 04 00 00 48 8b
0x0000000120d635ed:   03 48 89 df ff 50 78 48 85 c0 74 36 49 89 c6 48 

Register to memory mapping:

RAX=0x0000000120d95bc0: jScreenNotifySettingsChanged+0 in /Library/Java/JavaVirtualMachines/jdk1.8.0_51.jdk/Contents/Home/jre/lib/libglass.dylib at 0x0000000120d4e000
RBX=0x0000000000000000 is an unknown value
RCX=0x8e00beb63b6a73d6 is an unknown value
RDX=0x00007fadea56ca40 is an unknown value
RSP=0x00007fff573b97e0 is an unknown value
RBP=0x00007fff573b97f0 is an unknown value
RSI=0x00007fadea6099d8 is a global jni handle
RDI=0x0000000000000000 is an unknown value
R8 =0x00007fff573b9690 is an unknown value
R9 =0x00007fff71ed6300: _thread+0 in /usr/lib/system/libsystem_pthread.dylib at 0x00007fff883cd000
R10=0x0000000000000000 is an unknown value
R11=0x0000000000000246 is an unknown value
R12=0x00007fadea50e0c0 is an unknown value
R13=0x00000000000f426a is an unknown value
R14=0x00007fadea64d580 is an unknown value
R15=0x00007fff573b9930 is an unknown value


Stack: [0x00007fff56bbd000,0x00007fff573bd000],  sp=0x00007fff573b97e0,  free space=8177k
Native frames: (J=compiled Java code, j=interpreted, Vv=VM code, C=native code)
C  [libglass.dylib+0x155dd]  GlassScreenDidChangeScreenParameters+0x9d
C  [CoreFoundation+0x12045c]  __CFNOTIFICATIONCENTER_IS_CALLING_OUT_TO_AN_OBSERVER__+0xc
C  [CoreFoundation+0x10634]  _CFXNotificationPost+0xc44
C  [Foundation+0x7aa1]  -[NSNotificationCenter postNotificationName:object:userInfo:]+0x42
C  [AppKit+0x40de7e]  -[NSApplication _reactToScreenInvalidationImmediately:]+0x17b
C  [AppKit+0x40dcc7]  __44-[NSApplication _reactToScreenInvalidation:]_block_invoke+0x4b
C  [CoreFoundation+0x808ec]  __CFRUNLOOP_IS_CALLING_OUT_TO_A_BLOCK__+0xc
C  [CoreFoundation+0x729f5]  __CFRunLoopDoBlocks+0x155
C  [CoreFoundation+0x72536]  __CFRunLoopRun+0x716
C  [CoreFoundation+0x71bd8]  CFRunLoopRunSpecific+0x128
C  [java+0x6463]  CreateExecutionEnvironment+0x367
C  [java+0x21ac]  JLI_Launch+0x7a0
C  [java+0x84c0]  main+0x65
C  [java+0x1a04]  start+0x34


---------------  P R O C E S S  ---------------

VM state:at safepoint (normal execution)

VM Mutex/Monitor currently owned by a thread:  ([mutex/lock_event])
[0x00007fadea401250] Threads_lock - owner thread: 0x00007fadea80b000
[0x00007fadea401750] Heap_lock - owner thread: 0x00007fadeb003800

Heap:
 PSYoungGen      total 18944K, used 7597K [0x00000007aab00000, 0x00000007ac000000, 0x00000007c0000000)
  eden space 16384K, 30% used [0x00000007aab00000,0x00000007aafef7c0,0x00000007abb00000)
  from space 2560K, 99% used [0x00000007abb00000,0x00000007abd7c020,0x00000007abd80000)
  to   space 2560K, 0% used [0x00000007abd80000,0x00000007abd80000,0x00000007ac000000)
 ParOldGen       total 44032K, used 6837K [0x0000000780000000, 0x0000000782b00000, 0x00000007aab00000)
  object space 44032K, 15% used [0x0000000780000000,0x00000007806ad600,0x0000000782b00000)
 Metaspace       used 19176K, capacity 20508K, committed 20608K, reserved 1067008K
  class space    used 2896K, capacity 3126K, committed 3200K, reserved 1048576K

Card table byte_map: [0x00000001195f5000,0x00000001197f6000] byte_map_base: 0x00000001159f5000

Marking Bits: (ParMarkBitMap*) 0x00000001092047a0
 Begin Bits: [0x0000000119d58000, 0x000000011ad58000)
 End Bits:   [0x000000011ad58000, 0x000000011bd58000)

Polling page: 0x00000001099d3000

CodeCache: size=245760Kb used=6855Kb max_used=6855Kb free=238904Kb
 bounds [0x000000010a235000, 0x000000010a8f5000, 0x0000000119235000]
 total_blobs=2965 nmethods=2316 adapters=562
 compilation: enabled

Compilation events (10 events):
Event: 142.825 Thread 0x00007fadea823800 2315       3       com.sun.javafx.geom.RectBounds::intersects (98 bytes)
Event: 142.826 Thread 0x00007fadea823800 nmethod 2315 0x000000010a8e2b50 code [0x000000010a8e2d60, 0x000000010a8e3aa8]
Event: 142.826 Thread 0x00007fadea823800 2314       3       java.util.concurrent.locks.ReentrantLock$NonfairSync::lock (25 bytes)
Event: 142.827 Thread 0x00007fadea823800 nmethod 2314 0x000000010a8e3cd0 code [0x000000010a8e3ea0, 0x000000010a8e46d8]
Event: 142.827 Thread 0x00007fadea823800 2313       3       com.sun.javafx.geom.RoundRectangle2D::setRoundRect (34 bytes)
Event: 142.827 Thread 0x00007fadea823800 nmethod 2313 0x000000010a8e4950 code [0x000000010a8e4aa0, 0x000000010a8e4c10]
Event: 142.827 Thread 0x00007fadea823800 2316       3       com.sun.javafx.geom.transform.AffineBase::transform3DBounds (653 bytes)
Event: 142.830 Thread 0x00007fadea823800 nmethod 2316 0x000000010a8e4c90 code [0x000000010a8e5180, 0x000000010a8e82a8]
Event: 142.830 Thread 0x00007fadea823800 2317       3       com.sun.prism.impl.ManagedResource::isValid (20 bytes)
Event: 142.830 Thread 0x00007fadea823800 nmethod 2317 0x000000010a8e9510 code [0x000000010a8e9680, 0x000000010a8e9870]

GC Heap History (6 events):
Event: 1.272 GC heap before
{Heap before GC invocations=1 (full 0):
 PSYoungGen      total 18944K, used 16384K [0x00000007aab00000, 0x00000007ac000000, 0x00000007c0000000)
  eden space 16384K, 100% used [0x00000007aab00000,0x00000007abb00000,0x00000007abb00000)
  from space 2560K, 0% used [0x00000007abd80000,0x00000007abd80000,0x00000007ac000000)
  to   space 2560K, 0% used [0x00000007abb00000,0x00000007abb00000,0x00000007abd80000)
 ParOldGen       total 44032K, used 0K [0x0000000780000000, 0x0000000782b00000, 0x00000007aab00000)
  object space 44032K, 0% used [0x0000000780000000,0x0000000780000000,0x0000000782b00000)
 Metaspace       used 9803K, capacity 10188K, committed 10368K, reserved 1058816K
  class space    used 1220K, capacity 1320K, committed 1408K, reserved 1048576K
Event: 1.278 GC heap after
Heap after GC invocations=1 (full 0):
 PSYoungGen      total 18944K, used 2320K [0x00000007aab00000, 0x00000007ac000000, 0x00000007c0000000)
  eden space 16384K, 0% used [0x00000007aab00000,0x00000007aab00000,0x00000007abb00000)
  from space 2560K, 90% used [0x00000007abb00000,0x00000007abd44040,0x00000007abd80000)
  to   space 2560K, 0% used [0x00000007abd80000,0x00000007abd80000,0x00000007ac000000)
 ParOldGen       total 44032K, used 16K [0x0000000780000000, 0x0000000782b00000, 0x00000007aab00000)
  object space 44032K, 0% used [0x0000000780000000,0x0000000780004000,0x0000000782b00000)
 Metaspace       used 9803K, capacity 10188K, committed 10368K, reserved 1058816K
  class space    used 1220K, capacity 1320K, committed 1408K, reserved 1048576K
}
Event: 2.447 GC heap before
{Heap before GC invocations=2 (full 0):
 PSYoungGen      total 18944K, used 18704K [0x00000007aab00000, 0x00000007ac000000, 0x00000007c0000000)
  eden space 16384K, 100% used [0x00000007aab00000,0x00000007abb00000,0x00000007abb00000)
  from space 2560K, 90% used [0x00000007abb00000,0x00000007abd44040,0x00000007abd80000)
  to   space 2560K, 0% used [0x00000007abd80000,0x00000007abd80000,0x00000007ac000000)
 ParOldGen       total 44032K, used 16K [0x0000000780000000, 0x0000000782b00000, 0x00000007aab00000)
  object space 44032K, 0% used [0x0000000780000000,0x0000000780004000,0x0000000782b00000)
 Metaspace       used 15458K, capacity 16198K, committed 16256K, reserved 1062912K
  class space    used 2269K, capacity 2423K, committed 2432K, reserved 1048576K
Event: 2.458 GC heap after
Heap after GC invocations=2 (full 0):
 PSYoungGen      total 18944K, used 2544K [0x00000007aab00000, 0x00000007ac000000, 0x00000007c0000000)
  eden space 16384K, 0% used [0x00000007aab00000,0x00000007aab00000,0x00000007abb00000)
  from space 2560K, 99% used [0x00000007abd80000,0x00000007abffc020,0x00000007ac000000)
  to   space 2560K, 0% used [0x00000007abb00000,0x00000007abb00000,0x00000007abd80000)
 ParOldGen       total 44032K, used 2512K [0x0000000780000000, 0x0000000782b00000, 0x00000007aab00000)
  object space 44032K, 5% used [0x0000000780000000,0x00000007802740e0,0x0000000782b00000)
 Metaspace       used 15458K, capacity 16198K, committed 16256K, reserved 1062912K
  class space    used 2269K, capacity 2423K, committed 2432K, reserved 1048576K
}
Event: 4.578 GC heap before
{Heap before GC invocations=3 (full 0):
 PSYoungGen      total 18944K, used 18928K [0x00000007aab00000, 0x00000007ac000000, 0x00000007c0000000)
  eden space 16384K, 100% used [0x00000007aab00000,0x00000007abb00000,0x00000007abb00000)
  from space 2560K, 99% used [0x00000007abd80000,0x00000007abffc020,0x00000007ac000000)
  to   space 2560K, 0% used [0x00000007abb00000,0x00000007abb00000,0x00000007abd80000)
 ParOldGen       total 44032K, used 2512K [0x0000000780000000, 0x0000000782b00000, 0x00000007aab00000)
  object space 44032K, 5% used [0x0000000780000000,0x00000007802740e0,0x0000000782b00000)
 Metaspace       used 18792K, capacity 20082K, committed 20352K, reserved 1067008K
  class space    used 2868K, capacity 3099K, committed 3200K, reserved 1048576K
Event: 4.593 GC heap after
Heap after GC invocations=3 (full 0):
 PSYoungGen      total 18944K, used 2544K [0x00000007aab00000, 0x00000007ac000000, 0x00000007c0000000)
  eden space 16384K, 0% used [0x00000007aab00000,0x00000007aab00000,0x00000007abb00000)
  from space 2560K, 99% used [0x00000007abb00000,0x00000007abd7c020,0x00000007abd80000)
  to   space 2560K, 0% used [0x00000007abd80000,0x00000007abd80000,0x00000007ac000000)
 ParOldGen       total 44032K, used 6837K [0x0000000780000000, 0x0000000782b00000, 0x00000007aab00000)
  object space 44032K, 15% used [0x0000000780000000,0x00000007806ad600,0x0000000782b00000)
 Metaspace       used 18792K, capacity 20082K, committed 20352K, reserved 1067008K
  class space    used 2868K, capacity 3099K, committed 3200K, reserved 1048576K
}

Deoptimization events (10 events):
Event: 2.867 Thread 0x00007fadec0cd800 Uncommon trap: reason=unstable_if action=reinterpret pc=0x000000010a643d00 method=com.sun.javafx.css.BitSet.addAll(Ljava/util/Collection;)Z @ 1
Event: 2.998 Thread 0x00007fadec0cd800 Uncommon trap: reason=unstable_if action=reinterpret pc=0x000000010a41e868 method=java.lang.String.indexOf([CII[CIII)I @ 3
Event: 3.026 Thread 0x00007fadec0cd800 Uncommon trap: reason=unstable_if action=reinterpret pc=0x000000010a68a600 method=javafx.scene.CssStyleHelper.getStyle(Ljavafx/css/Styleable;Ljava/lang/String;Lcom/sun/javafx/css/StyleMap;Ljava/util/Set;)Lcom/sun/javafx/css/CascadingStyle; @ 1
Event: 3.356 Thread 0x00007fadea8c0000 Uncommon trap: reason=class_check action=maybe_recompile pc=0x000000010a6e19a8 method=java.util.WeakHashMap.eq(Ljava/lang/Object;Ljava/lang/Object;)Z @ 7
Event: 3.361 Thread 0x00007fadea8c0000 Uncommon trap: reason=class_check action=maybe_recompile pc=0x000000010a6e19a8 method=java.util.WeakHashMap.eq(Ljava/lang/Object;Ljava/lang/Object;)Z @ 7
Event: 3.366 Thread 0x00007fadea8c0000 Uncommon trap: reason=class_check action=maybe_recompile pc=0x000000010a6e19a8 method=java.util.WeakHashMap.eq(Ljava/lang/Object;Ljava/lang/Object;)Z @ 7
Event: 3.367 Thread 0x00007fadea8c0000 Uncommon trap: reason=class_check action=maybe_recompile pc=0x000000010a6e19a8 method=java.util.WeakHashMap.eq(Ljava/lang/Object;Ljava/lang/Object;)Z @ 7
Event: 4.597 Thread 0x00007fadec0cd800 Uncommon trap: reason=unstable_if action=reinterpret pc=0x000000010a63f208 method=java.util.WeakHashMap.expungeStaleEntries()V @ 9
Event: 5.090 Thread 0x00007fadec0cd800 Uncommon trap: reason=unstable_if action=reinterpret pc=0x000000010a50c004 method=jdk.internal.org.objectweb.asm.Type.getArgumentsAndReturnSizes(Ljava/lang/String;)I @ 47
Event: 140.380 Thread 0x00007fadec0cd800 Uncommon trap: reason=unstable_if action=reinterpret pc=0x000000010a8c0ea8 method=com.sun.glass.ui.TouchInputSupport.notifyBeginTouchEvent(Lcom/sun/glass/ui/View;IZI)V @ 197

Internal exceptions (10 events):
Event: 1.571 Thread 0x00007fadec0cd800 Exception <a 'java/lang/ArrayIndexOutOfBoundsException': 18> (0x00000007ab0976d0) thrown at [/Users/java_re/workspace/8-2-build-macosx-x86_64/jdk8u51/3951/hotspot/src/share/vm/interpreter/interpreterRuntime.cpp, line 366]
Event: 1.571 Thread 0x00007fadec0cd800 Exception <a 'java/lang/ArrayIndexOutOfBoundsException': 86> (0x00000007ab0989c8) thrown at [/Users/java_re/workspace/8-2-build-macosx-x86_64/jdk8u51/3951/hotspot/src/share/vm/interpreter/interpreterRuntime.cpp, line 366]
Event: 1.595 Thread 0x00007fadec0cd800 Exception <a 'java/lang/ArrayIndexOutOfBoundsException'> (0x00000007ab10b8a8) thrown at [/Users/java_re/workspace/8-2-build-macosx-x86_64/jdk8u51/3951/hotspot/src/share/vm/runtime/sharedRuntime.cpp, line 605]
Event: 1.628 Thread 0x00007fadec0cd800 Exception <a 'java/lang/ArrayIndexOutOfBoundsException'> (0x00000007ab1b5490) thrown at [/Users/java_re/workspace/8-2-build-macosx-x86_64/jdk8u51/3951/hotspot/src/share/vm/runtime/sharedRuntime.cpp, line 605]
Event: 1.724 Thread 0x00007fadec0cd800 Exception <a 'java/lang/ArrayIndexOutOfBoundsException'> (0x00000007ab393130) thrown at [/Users/java_re/workspace/8-2-build-macosx-x86_64/jdk8u51/3951/hotspot/src/share/vm/runtime/sharedRuntime.cpp, line 605]
Event: 1.724 Thread 0x00007fadec0cd800 Exception <a 'java/lang/ArrayIndexOutOfBoundsException'> (0x00000007ab393ef0) thrown at [/Users/java_re/workspace/8-2-build-macosx-x86_64/jdk8u51/3951/hotspot/src/share/vm/runtime/sharedRuntime.cpp, line 605]
Event: 1.725 Thread 0x00007fadec0cd800 Exception <a 'java/lang/ArrayIndexOutOfBoundsException'> (0x00000007ab3956b0) thrown at [/Users/java_re/workspace/8-2-build-macosx-x86_64/jdk8u51/3951/hotspot/src/share/vm/runtime/sharedRuntime.cpp, line 605]
Event: 2.399 Thread 0x00007fadec0cd800 Implicit null exception at 0x000000010a5b06e9 to 0x000000010a5b073d
Event: 2.867 Thread 0x00007fadec0cd800 Implicit null exception at 0x000000010a643751 to 0x000000010a643ce9
Event: 3.026 Thread 0x00007fadec0cd800 Implicit null exception at 0x000000010a689d3a to 0x000000010a68a5e9

Events (10 events):
Event: 148.544 Thread 0x00007fadeb003800 Thread exited: 0x00007fadeb003800
Event: 148.544 Thread 0x00007fadeb003800 Thread added: 0x00007fadeb003800
Event: 148.544 Thread 0x00007fadec0cd800 Thread exited: 0x00007fadec0cd800
Event: 148.544 loading class java/util/IdentityHashMap$KeySet
Event: 148.544 loading class java/util/IdentityHashMap$KeySet done
Event: 148.544 loading class java/util/IdentityHashMap$KeyIterator
Event: 148.544 loading class java/util/IdentityHashMap$IdentityHashMapIterator
Event: 148.544 loading class java/util/IdentityHashMap$IdentityHashMapIterator done
Event: 148.544 loading class java/util/IdentityHashMap$KeyIterator done
Event: 148.544 Thread 0x00007fadeb003800 Thread exited: 0x00007fadeb003800


Dynamic libraries:
0x0000000000d6e000 	/System/Library/Frameworks/Cocoa.framework/Versions/A/Cocoa
0x0000000000d6e000 	/System/Library/Frameworks/Security.framework/Versions/A/Security
0x0000000000d6e000 	/System/Library/Frameworks/ApplicationServices.framework/Versions/A/ApplicationServices
0x0000000000d6e000 	/usr/lib/libz.1.dylib
0x0000000000d6e000 	/usr/lib/libSystem.B.dylib
0x0000000000d6e000 	/usr/lib/libobjc.A.dylib
0x0000000000d6e000 	/System/Library/Frameworks/CoreFoundation.framework/Versions/A/CoreFoundation
0x0000000000d6e000 	/System/Library/Frameworks/Foundation.framework/Versions/C/Foundation
0x0000000000d6e000 	/System/Library/Frameworks/AppKit.framework/Versions/C/AppKit
0x0000000000d6e000 	/System/Library/Frameworks/CoreData.framework/Versions/A/CoreData
0x0000000000d6e000 	/System/Library/PrivateFrameworks/RemoteViewServices.framework/Versions/A/RemoteViewServices
0x0000000000d6e000 	/System/Library/PrivateFrameworks/UIFoundation.framework/Versions/A/UIFoundation
0x0000000000d6e000 	/System/Library/Frameworks/IOSurface.framework/Versions/A/IOSurface
0x0000000000d6e000 	/System/Library/Frameworks/AudioToolbox.framework/Versions/A/AudioToolbox
0x0000000000d6e000 	/System/Library/Frameworks/AudioUnit.framework/Versions/A/AudioUnit
0x0000000000d6e000 	/System/Library/PrivateFrameworks/DataDetectorsCore.framework/Versions/A/DataDetectorsCore
0x0000000000d6e000 	/System/Library/PrivateFrameworks/DesktopServicesPriv.framework/Versions/A/DesktopServicesPriv
0x0000000000d6e000 	/System/Library/Frameworks/Carbon.framework/Versions/A/Frameworks/HIToolbox.framework/Versions/A/HIToolbox
0x0000000000d6e000 	/System/Library/Frameworks/QuartzCore.framework/Versions/A/QuartzCore
0x0000000000d6e000 	/System/Library/Frameworks/Carbon.framework/Versions/A/Frameworks/SpeechRecognition.framework/Versions/A/SpeechRecognition
0x0000000000d6e000 	/usr/lib/libauto.dylib
0x0000000000d6e000 	/usr/lib/libicucore.A.dylib
0x0000000000d6e000 	/usr/lib/libxml2.2.dylib
0x0000000000d6e000 	/System/Library/PrivateFrameworks/CoreUI.framework/Versions/A/CoreUI
0x0000000000d6e000 	/System/Library/Frameworks/CoreAudio.framework/Versions/A/CoreAudio
0x0000000000d6e000 	/System/Library/Frameworks/DiskArbitration.framework/Versions/A/DiskArbitration
0x0000000000d6e000 	/usr/lib/liblangid.dylib
0x0000000000d6e000 	/System/Library/PrivateFrameworks/MultitouchSupport.framework/Versions/A/MultitouchSupport
0x0000000000d6e000 	/System/Library/Frameworks/IOKit.framework/Versions/A/IOKit
0x0000000000d6e000 	/usr/lib/libDiagnosticMessagesClient.dylib
0x0000000000d6e000 	/System/Library/Frameworks/CoreServices.framework/Versions/A/CoreServices
0x0000000000d6e000 	/System/Library/PrivateFrameworks/PerformanceAnalysis.framework/Versions/A/PerformanceAnalysis
0x0000000000d6e000 	/System/Library/PrivateFrameworks/GenerationalStorage.framework/Versions/A/GenerationalStorage
0x0000000000d6e000 	/System/Library/Frameworks/OpenGL.framework/Versions/A/OpenGL
0x0000000000d6e000 	/System/Library/PrivateFrameworks/Sharing.framework/Versions/A/Sharing
0x0000000000d6e000 	/System/Library/Frameworks/CoreGraphics.framework/Versions/A/CoreGraphics
0x0000000000d6e000 	/System/Library/Frameworks/CoreText.framework/Versions/A/CoreText
0x0000000000d6e000 	/System/Library/Frameworks/ImageIO.framework/Versions/A/ImageIO
0x0000000000d6e000 	/usr/lib/libextension.dylib
0x0000000000d6e000 	/System/Library/PrivateFrameworks/Backup.framework/Versions/A/Backup
0x0000000000d6e000 	/usr/lib/libarchive.2.dylib
0x0000000000d6e000 	/System/Library/Frameworks/CFNetwork.framework/Versions/A/CFNetwork
0x0000000000d6e000 	/System/Library/Frameworks/SystemConfiguration.framework/Versions/A/SystemConfiguration
0x0000000000d6e000 	/usr/lib/libCRFSuite.dylib
0x0000000000d6e000 	/usr/lib/libc++.1.dylib
0x0000000000d6e000 	/usr/lib/libc++abi.dylib
0x0000000000d6e000 	/usr/lib/system/libcache.dylib
0x0000000000d6e000 	/usr/lib/system/libcommonCrypto.dylib
0x0000000000d6e000 	/usr/lib/system/libcompiler_rt.dylib
0x0000000000d6e000 	/usr/lib/system/libcopyfile.dylib
0x0000000000d6e000 	/usr/lib/system/libcorecrypto.dylib
0x0000000000d6e000 	/usr/lib/system/libdispatch.dylib
0x0000000000d6e000 	/usr/lib/system/libdyld.dylib
0x0000000000d6e000 	/usr/lib/system/libkeymgr.dylib
0x0000000000d6e000 	/usr/lib/system/liblaunch.dylib
0x0000000000d6e000 	/usr/lib/system/libmacho.dylib
0x0000000000d6e000 	/usr/lib/system/libquarantine.dylib
0x0000000000d6e000 	/usr/lib/system/libremovefile.dylib
0x0000000000d6e000 	/usr/lib/system/libsystem_asl.dylib
0x0000000000d6e000 	/usr/lib/system/libsystem_blocks.dylib
0x0000000000d6e000 	/usr/lib/system/libsystem_c.dylib
0x0000000000d6e000 	/usr/lib/system/libsystem_configuration.dylib
0x0000000000d6e000 	/usr/lib/system/libsystem_coreservices.dylib
0x0000000000d6e000 	/usr/lib/system/libsystem_coretls.dylib
0x0000000000d6e000 	/usr/lib/system/libsystem_dnssd.dylib
0x0000000000d6e000 	/usr/lib/system/libsystem_info.dylib
0x0000000000d6e000 	/usr/lib/system/libsystem_kernel.dylib
0x0000000000d6e000 	/usr/lib/system/libsystem_m.dylib
0x0000000000d6e000 	/usr/lib/system/libsystem_malloc.dylib
0x0000000000d6e000 	/usr/lib/system/libsystem_network.dylib
0x0000000000d6e000 	/usr/lib/system/libsystem_networkextension.dylib
0x0000000000d6e000 	/usr/lib/system/libsystem_notify.dylib
0x0000000000d6e000 	/usr/lib/system/libsystem_platform.dylib
0x0000000000d6e000 	/usr/lib/system/libsystem_pthread.dylib
0x0000000000d6e000 	/usr/lib/system/libsystem_sandbox.dylib
0x0000000000d6e000 	/usr/lib/system/libsystem_secinit.dylib
0x0000000000d6e000 	/usr/lib/system/libsystem_stats.dylib
0x0000000000d6e000 	/usr/lib/system/libsystem_trace.dylib
0x0000000000d6e000 	/usr/lib/system/libunc.dylib
0x0000000000d6e000 	/usr/lib/system/libunwind.dylib
0x0000000000d6e000 	/usr/lib/system/libxpc.dylib
0x0000000000d6e000 	/usr/lib/libbz2.1.0.dylib
0x0000000000d6e000 	/usr/lib/liblzma.5.dylib
0x0000000000d6e000 	/usr/lib/libbsm.0.dylib
0x0000000000d6e000 	/usr/lib/libsqlite3.dylib
0x0000000000d6e000 	/usr/lib/system/libkxld.dylib
0x0000000000d6e000 	/usr/lib/libxar.1.dylib
0x0000000000d6e000 	/usr/lib/libpam.2.dylib
0x0000000000d6e000 	/usr/lib/libOpenScriptingUtil.dylib
0x0000000000d6e000 	/System/Library/Frameworks/CoreServices.framework/Versions/A/Frameworks/FSEvents.framework/Versions/A/FSEvents
0x0000000000d6e000 	/System/Library/Frameworks/CoreServices.framework/Versions/A/Frameworks/CarbonCore.framework/Versions/A/CarbonCore
0x0000000000d6e000 	/System/Library/Frameworks/CoreServices.framework/Versions/A/Frameworks/Metadata.framework/Versions/A/Metadata
0x0000000000d6e000 	/System/Library/Frameworks/CoreServices.framework/Versions/A/Frameworks/OSServices.framework/Versions/A/OSServices
0x0000000000d6e000 	/System/Library/Frameworks/CoreServices.framework/Versions/A/Frameworks/SearchKit.framework/Versions/A/SearchKit
0x0000000000d6e000 	/System/Library/Frameworks/CoreServices.framework/Versions/A/Frameworks/AE.framework/Versions/A/AE
0x0000000000d6e000 	/System/Library/Frameworks/CoreServices.framework/Versions/A/Frameworks/LaunchServices.framework/Versions/A/LaunchServices
0x0000000000d6e000 	/System/Library/Frameworks/CoreServices.framework/Versions/A/Frameworks/DictionaryServices.framework/Versions/A/DictionaryServices
0x0000000000d6e000 	/System/Library/Frameworks/NetFS.framework/Versions/A/NetFS
0x0000000000d6e000 	/System/Library/PrivateFrameworks/NetAuth.framework/Versions/A/NetAuth
0x0000000000d6e000 	/System/Library/PrivateFrameworks/login.framework/Versions/A/Frameworks/loginsupport.framework/Versions/A/loginsupport
0x0000000000d6e000 	/System/Library/PrivateFrameworks/TCC.framework/Versions/A/TCC
0x0000000000d6e000 	/usr/lib/libmecabra.dylib
0x0000000000d6e000 	/System/Library/Frameworks/ApplicationServices.framework/Versions/A/Frameworks/ATS.framework/Versions/A/ATS
0x0000000000d6e000 	/System/Library/Frameworks/ApplicationServices.framework/Versions/A/Frameworks/ColorSync.framework/Versions/A/ColorSync
0x0000000000d6e000 	/System/Library/Frameworks/ApplicationServices.framework/Versions/A/Frameworks/HIServices.framework/Versions/A/HIServices
0x0000000000d6e000 	/System/Library/Frameworks/ApplicationServices.framework/Versions/A/Frameworks/LangAnalysis.framework/Versions/A/LangAnalysis
0x0000000000d6e000 	/System/Library/Frameworks/ApplicationServices.framework/Versions/A/Frameworks/PrintCore.framework/Versions/A/PrintCore
0x0000000000d6e000 	/System/Library/Frameworks/ApplicationServices.framework/Versions/A/Frameworks/QD.framework/Versions/A/QD
0x0000000000d6e000 	/System/Library/Frameworks/ApplicationServices.framework/Versions/A/Frameworks/SpeechSynthesis.framework/Versions/A/SpeechSynthesis
0x0000000000d6e000 	/System/Library/Frameworks/Accelerate.framework/Versions/A/Accelerate
0x0000000000d6e000 	/System/Library/Frameworks/Accelerate.framework/Versions/A/Frameworks/vImage.framework/Versions/A/vImage
0x0000000000d6e000 	/System/Library/Frameworks/Accelerate.framework/Versions/A/Frameworks/vecLib.framework/Versions/A/vecLib
0x0000000000d6e000 	/System/Library/Frameworks/Accelerate.framework/Versions/A/Frameworks/vecLib.framework/Versions/A/libvDSP.dylib
0x0000000000d6e000 	/System/Library/Frameworks/Accelerate.framework/Versions/A/Frameworks/vecLib.framework/Versions/A/libvMisc.dylib
0x0000000000d6e000 	/System/Library/Frameworks/Accelerate.framework/Versions/A/Frameworks/vecLib.framework/Versions/A/libLAPACK.dylib
0x0000000000d6e000 	/System/Library/Frameworks/Accelerate.framework/Versions/A/Frameworks/vecLib.framework/Versions/A/libBLAS.dylib
0x0000000000d6e000 	/System/Library/Frameworks/Accelerate.framework/Versions/A/Frameworks/vecLib.framework/Versions/A/libLinearAlgebra.dylib
0x0000000000d6e000 	/System/Library/Frameworks/ApplicationServices.framework/Versions/A/Frameworks/ATS.framework/Versions/A/Resources/libFontParser.dylib
0x0000000000d6e000 	/System/Library/Frameworks/ApplicationServices.framework/Versions/A/Frameworks/ATS.framework/Versions/A/Resources/libFontRegistry.dylib
0x0000000000d6e000 	/System/Library/PrivateFrameworks/AppleVPA.framework/Versions/A/AppleVPA
0x0000000000d6e000 	/System/Library/PrivateFrameworks/AppleJPEG.framework/Versions/A/AppleJPEG
0x0000000000d6e000 	/System/Library/Frameworks/ImageIO.framework/Versions/A/Resources/libJPEG.dylib
0x0000000000d6e000 	/System/Library/Frameworks/ImageIO.framework/Versions/A/Resources/libTIFF.dylib
0x0000000000d6e000 	/System/Library/Frameworks/ImageIO.framework/Versions/A/Resources/libPng.dylib
0x0000000000d6e000 	/System/Library/Frameworks/ImageIO.framework/Versions/A/Resources/libGIF.dylib
0x0000000000d6e000 	/System/Library/Frameworks/ImageIO.framework/Versions/A/Resources/libJP2.dylib
0x0000000000d6e000 	/System/Library/Frameworks/ImageIO.framework/Versions/A/Resources/libRadiance.dylib
0x0000000000d6e000 	/System/Library/Frameworks/CoreVideo.framework/Versions/A/CoreVideo
0x0000000000d6e000 	/System/Library/Frameworks/OpenGL.framework/Versions/A/Libraries/libGLU.dylib
0x0000000000d6e000 	/System/Library/Frameworks/OpenGL.framework/Versions/A/Libraries/libGFXShared.dylib
0x0000000000d6e000 	/System/Library/Frameworks/OpenGL.framework/Versions/A/Libraries/libGL.dylib
0x0000000000d6e000 	/System/Library/Frameworks/OpenGL.framework/Versions/A/Libraries/libGLImage.dylib
0x0000000000d6e000 	/System/Library/Frameworks/OpenGL.framework/Versions/A/Libraries/libCVMSPluginSupport.dylib
0x0000000000d6e000 	/System/Library/Frameworks/OpenGL.framework/Versions/A/Libraries/libCoreVMClient.dylib
0x0000000000d6e000 	/usr/lib/libcups.2.dylib
0x0000000000d6e000 	/System/Library/Frameworks/Kerberos.framework/Versions/A/Kerberos
0x0000000000d6e000 	/System/Library/Frameworks/GSS.framework/Versions/A/GSS
0x0000000000d6e000 	/usr/lib/libresolv.9.dylib
0x0000000000d6e000 	/usr/lib/libiconv.2.dylib
0x0000000000d6e000 	/System/Library/PrivateFrameworks/Heimdal.framework/Versions/A/Heimdal
0x0000000000d6e000 	/usr/lib/libheimdal-asn1.dylib
0x0000000000d6e000 	/System/Library/Frameworks/OpenDirectory.framework/Versions/A/OpenDirectory
0x0000000000d6e000 	/System/Library/PrivateFrameworks/CommonAuth.framework/Versions/A/CommonAuth
0x0000000000d6e000 	/System/Library/Frameworks/OpenDirectory.framework/Versions/A/Frameworks/CFOpenDirectory.framework/Versions/A/CFOpenDirectory
0x0000000000d6e000 	/System/Library/Frameworks/SecurityFoundation.framework/Versions/A/SecurityFoundation
0x0000000000d6e000 	/System/Library/PrivateFrameworks/LanguageModeling.framework/Versions/A/LanguageModeling
0x0000000000d6e000 	/usr/lib/libcmph.dylib
0x0000000000d6e000 	/System/Library/Frameworks/ServiceManagement.framework/Versions/A/ServiceManagement
0x0000000000d6e000 	/usr/lib/libxslt.1.dylib
0x0000000000d6e000 	/System/Library/Frameworks/Carbon.framework/Versions/A/Frameworks/Ink.framework/Versions/A/Ink
0x0000000000d6e000 	/System/Library/Frameworks/QuartzCore.framework/Versions/A/Frameworks/CoreImage.framework/Versions/A/CoreImage
0x0000000000d6e000 	/System/Library/PrivateFrameworks/CrashReporterSupport.framework/Versions/A/CrashReporterSupport
0x0000000000d6e000 	/System/Library/Frameworks/OpenCL.framework/Versions/A/OpenCL
0x0000000000d6e000 	/System/Library/PrivateFrameworks/FaceCore.framework/Versions/A/FaceCore
0x0000000000d6e000 	/System/Library/PrivateFrameworks/Ubiquity.framework/Versions/A/Ubiquity
0x0000000000d6e000 	/System/Library/PrivateFrameworks/IconServices.framework/Versions/A/IconServices
0x0000000000d6e000 	/System/Library/PrivateFrameworks/ChunkingLibrary.framework/Versions/A/ChunkingLibrary
0x0000000000d6e000 	/System/Library/PrivateFrameworks/Apple80211.framework/Versions/A/Apple80211
0x0000000000d6e000 	/System/Library/Frameworks/CoreWLAN.framework/Versions/A/CoreWLAN
0x0000000000d6e000 	/System/Library/Frameworks/IOBluetooth.framework/Versions/A/IOBluetooth
0x0000000000d6e000 	/System/Library/PrivateFrameworks/CoreWiFi.framework/Versions/A/CoreWiFi
0x0000000000d6e000 	/System/Library/Frameworks/CoreBluetooth.framework/Versions/A/CoreBluetooth
0x0000000000d6e000 	/System/Library/PrivateFrameworks/DebugSymbols.framework/Versions/A/DebugSymbols
0x0000000000d6e000 	/System/Library/PrivateFrameworks/CoreSymbolication.framework/Versions/A/CoreSymbolication
0x0000000000d6e000 	/System/Library/PrivateFrameworks/Symbolication.framework/Versions/A/Symbolication
0x0000000000d6e000 	/System/Library/PrivateFrameworks/SpeechRecognitionCore.framework/Versions/A/SpeechRecognitionCore
0x0000000108942000 	/Library/Java/JavaVirtualMachines/jdk1.8.0_51.jdk/Contents/Home/jre/lib/server/libjvm.dylib
0x0000000000d6e000 	/usr/lib/libstdc++.6.dylib
0x00000001099c5000 	/Library/Java/JavaVirtualMachines/jdk1.8.0_51.jdk/Contents/Home/jre/lib/libverify.dylib
0x000000010a200000 	/Library/Java/JavaVirtualMachines/jdk1.8.0_51.jdk/Contents/Home/jre/lib/libjava.dylib
0x00000001099dd000 	/Library/Java/JavaVirtualMachines/jdk1.8.0_51.jdk/Contents/Home/jre/lib/libzip.dylib
0x000000011dd30000 	/System/Library/Frameworks/JavaVM.framework/Frameworks/JavaRuntimeSupport.framework/JavaRuntimeSupport
0x000000011dd48000 	/System/Library/Frameworks/JavaVM.framework/Versions/A/Frameworks/JavaNativeFoundation.framework/Versions/A/JavaNativeFoundation
0x000000011dd5d000 	/System/Library/Frameworks/JavaVM.framework/Versions/A/JavaVM
0x0000000000d6e000 	/System/Library/Frameworks/Carbon.framework/Versions/A/Carbon
0x000000011dd6a000 	/System/Library/PrivateFrameworks/JavaLaunching.framework/Versions/A/JavaLaunching
0x0000000000d6e000 	/System/Library/Frameworks/Carbon.framework/Versions/A/Frameworks/CommonPanels.framework/Versions/A/CommonPanels
0x0000000000d6e000 	/System/Library/Frameworks/Carbon.framework/Versions/A/Frameworks/Help.framework/Versions/A/Help
0x0000000000d6e000 	/System/Library/Frameworks/Carbon.framework/Versions/A/Frameworks/ImageCapture.framework/Versions/A/ImageCapture
0x0000000000d6e000 	/System/Library/Frameworks/Carbon.framework/Versions/A/Frameworks/OpenScripting.framework/Versions/A/OpenScripting
0x0000000000d6e000 	/System/Library/Frameworks/Carbon.framework/Versions/A/Frameworks/Print.framework/Versions/A/Print
0x0000000000d6e000 	/System/Library/Frameworks/Carbon.framework/Versions/A/Frameworks/SecurityHI.framework/Versions/A/SecurityHI
0x000000011fdb4000 	/Applications/IntelliJ IDEA 14.app/Contents/bin/libbreakgen64.jnilib
0x000000011feba000 	/Library/Java/JavaVirtualMachines/jdk1.8.0_51.jdk/Contents/Home/jre/lib/libnet.dylib
0x00000001201b5000 	/Library/Java/JavaVirtualMachines/jdk1.8.0_51.jdk/Contents/Home/jre/lib/libprism_es2.dylib
0x0000000000d6e000 	/System/Library/Frameworks/OpenGL.framework/Versions/A/Resources/GLEngine.bundle/GLEngine
0x0000000000d6e000 	/System/Library/Frameworks/OpenGL.framework/Versions/A/Libraries/libGLProgrammability.dylib
0x0000000120237000 	/System/Library/Extensions/AppleIntelHD5000GraphicsGLDriver.bundle/Contents/MacOS/AppleIntelHD5000GraphicsGLDriver
0x0000000000d6e000 	/System/Library/PrivateFrameworks/IOAccelerator.framework/Versions/A/IOAccelerator
0x0000000000d6e000 	/System/Library/PrivateFrameworks/GPUSupport.framework/Versions/A/Libraries/libGPUSupportMercury.dylib
0x0000000000d6e000 	/System/Library/Frameworks/OpenGL.framework/Versions/A/Resources/GLRendererFloat.bundle/GLRendererFloat
0x0000000000d6e000 	/System/Library/Frameworks/OpenCL.framework/Versions/A/Libraries/libcldcpuengine.dylib
0x0000000000d6e000 	/System/Library/PrivateFrameworks/DiskImages.framework/Versions/A/DiskImages
0x0000000000d6e000 	/System/Library/Frameworks/DiscRecording.framework/Versions/A/DiscRecording
0x0000000000d6e000 	/usr/lib/libcsfde.dylib
0x0000000000d6e000 	/usr/lib/libcurl.4.dylib
0x0000000000d6e000 	/System/Library/PrivateFrameworks/MediaKit.framework/Versions/A/MediaKit
0x0000000000d6e000 	/System/Library/PrivateFrameworks/ProtectedCloudStorage.framework/Versions/A/ProtectedCloudStorage
0x0000000000d6e000 	/usr/lib/libCoreStorage.dylib
0x0000000000d6e000 	/System/Library/PrivateFrameworks/EFILogin.framework/Versions/A/EFILogin
0x0000000000d6e000 	/usr/lib/libutil.dylib
0x0000000000d6e000 	/System/Library/PrivateFrameworks/FindMyDevice.framework/Versions/A/FindMyDevice
0x0000000000d6e000 	/System/Library/Frameworks/LDAP.framework/Versions/A/LDAP
0x0000000000d6e000 	/usr/lib/libsasl2.2.dylib
0x0000000000d6e000 	/System/Library/PrivateFrameworks/CoreDaemon.framework/Versions/B/CoreDaemon
0x0000000000d6e000 	/usr/lib/libcrypto.0.9.8.dylib
0x0000000000d6e000 	/System/Library/PrivateFrameworks/AppleSRP.framework/Versions/A/AppleSRP
0x0000000000d6e000 	/System/Library/PrivateFrameworks/TrustEvaluationAgent.framework/Versions/A/TrustEvaluationAgent
0x0000000120d4e000 	/Library/Java/JavaVirtualMachines/jdk1.8.0_51.jdk/Contents/Home/jre/lib/libglass.dylib
0x0000000000d6e000 	/System/Library/PrivateFrameworks/CoreServicesInternal.framework/Versions/A/CoreServicesInternal
0x0000000000d6e000 	/System/Library/PrivateFrameworks/CloudDocs.framework/Versions/A/CloudDocs
0x0000000000d6e000 	/System/Library/PrivateFrameworks/CoreDuet.framework/Versions/A/CoreDuet
0x0000000000d6e000 	/System/Library/Frameworks/CloudKit.framework/Versions/A/CloudKit
0x0000000000d6e000 	/System/Library/PrivateFrameworks/ProtocolBuffer.framework/Versions/A/ProtocolBuffer
0x0000000000d6e000 	/System/Library/PrivateFrameworks/CoreDuetDaemonProtocol.framework/Versions/A/CoreDuetDaemonProtocol
0x0000000000d6e000 	/System/Library/PrivateFrameworks/CoreDuetDebugLogging.framework/Versions/A/CoreDuetDebugLogging
0x0000000000d6e000 	/System/Library/PrivateFrameworks/MMCS.framework/Versions/A/MMCS
0x0000000000d6e000 	/System/Library/Frameworks/CoreLocation.framework/Versions/A/CoreLocation
0x0000000000d6e000 	/System/Library/PrivateFrameworks/GeoServices.framework/Versions/A/GeoServices
0x0000000000d6e000 	/System/Library/Frameworks/CoreGraphics.framework/Versions/A/Resources/libCGCMS.A.dylib
0x0000000000d6e000 	/System/Library/CoreServices/RawCamera.bundle/Contents/MacOS/RawCamera
0x0000000000d6e000 	/System/Library/Frameworks/CoreGraphics.framework/Versions/A/Resources/libRIP.A.dylib
0x0000000000d6e000 	/System/Library/PrivateFrameworks/FamilyControls.framework/Versions/A/FamilyControls
0x0000000000d6e000 	/System/Library/PrivateFrameworks/CommerceKit.framework/Versions/A/Frameworks/CommerceCore.framework/Versions/A/CommerceCore
0x0000000000d6e000 	/System/Library/PrivateFrameworks/SystemAdministration.framework/Versions/A/SystemAdministration
0x0000000000d6e000 	/System/Library/PrivateFrameworks/AppContainer.framework/Versions/A/AppContainer
0x0000000000d6e000 	/System/Library/PrivateFrameworks/SecCodeWrapper.framework/Versions/A/SecCodeWrapper
0x0000000000d6e000 	/System/Library/Frameworks/DirectoryService.framework/Versions/A/DirectoryService
0x0000000000d6e000 	/System/Library/PrivateFrameworks/LoginUIKit.framework/Versions/A/Frameworks/LoginUICore.framework/Versions/A/LoginUICore
0x0000000000d6e000 	/usr/lib/libodfde.dylib
0x00000001247bc000 	/Library/Java/JavaVirtualMachines/jdk1.8.0_51.jdk/Contents/Home/jre/lib/libjavafx_font.dylib
0x0000000000d6e000 	/System/Library/Frameworks/CoreGraphics.framework/Versions/A/Resources/libCGXType.A.dylib
0x00000001228bb000 	cl_kernels
0x00000001273b0000 	/System/Library/Frameworks/OpenCL.framework/Versions/A/Libraries/ImageFormats/unorm8_bgra.dylib
0x00000001229f0000 	cl_kernels
0x0000000122a52000 	/Library/Java/JavaVirtualMachines/jdk1.8.0_51.jdk/Contents/Home/jre/lib/libprism_common.dylib

VM Arguments:
jvm_args: -Didea.launcher.port=7534 -Didea.launcher.bin.path=/Applications/IntelliJ IDEA 14.app/Contents/bin -Dfile.encoding=UTF-8 
java_command: com.intellij.rt.execution.application.AppMain Skate.Logic.MainX
java_class_path (initial): /Library/Java/JavaVirtualMachines/jdk1.8.0_51.jdk/Contents/Home/lib/ant-javafx.jar:/Library/Java/JavaVirtualMachines/jdk1.8.0_51.jdk/Contents/Home/lib/dt.jar:/Library/Java/JavaVirtualMachines/jdk1.8.0_51.jdk/Contents/Home/lib/javafx-mx.jar:/Library/Java/JavaVirtualMachines/jdk1.8.0_51.jdk/Contents/Home/lib/jconsole.jar:/Library/Java/JavaVirtualMachines/jdk1.8.0_51.jdk/Contents/Home/lib/packager.jar:/Library/Java/JavaVirtualMachines/jdk1.8.0_51.jdk/Contents/Home/lib/sa-jdi.jar:/Library/Java/JavaVirtualMachines/jdk1.8.0_51.jdk/Contents/Home/lib/tools.jar:/Library/Java/JavaVirtualMachines/jdk1.8.0_51.jdk/Contents/Home/jre/lib/charsets.jar:/Library/Java/JavaVirtualMachines/jdk1.8.0_51.jdk/Contents/Home/jre/lib/deploy.jar:/Library/Java/JavaVirtualMachines/jdk1.8.0_51.jdk/Contents/Home/jre/lib/javaws.jar:/Library/Java/JavaVirtualMachines/jdk1.8.0_51.jdk/Contents/Home/jre/lib/jce.jar:/Library/Java/JavaVirtualMachines/jdk1.8.0_51.jdk/Contents/Home/jre/lib/jfr.jar:/Library/Java/JavaVirtualMachines/jdk1.8.0_51.jdk/Contents/Home/jre/lib/jfxswt.jar:/Library/Java/JavaVirtualMachines/jdk1.8.0_51.jdk/Contents/Home/jre/lib/jsse.jar:/Library/Java/JavaVirtualMachines/jdk1.8.0_51.jdk/Contents/Home/jre/lib/management-agent.jar:/Library/Java/JavaVirtualMachines/jdk1.8.0_51.jdk/Contents/Home/jre/lib/plugin.jar:/Library/Java/JavaVirtualMachines/jdk1.8.0_51.jdk/Contents/Home/jre/lib/resources.jar:/Library/Java/JavaVirtualMachines/jdk1.8.0_51.jdk/Contents/Home/jre/lib/rt.jar:/Library/Java/JavaVirtualMachines/jdk1.8.0_51.jdk/Contents/Home/jre/lib/ext/cldrdata.jar:/Library/Java/JavaVirtualMachines/jdk1.8.0_51.jdk/Contents/Home/jre/lib/ext/dnsns.jar:/Library/Java/JavaVirtualMachines/jdk1.8.0_51.jdk/Contents/Home/jre/lib/ext/jfxrt.jar:/Library/Java/JavaVirtualMachines/jdk1.8.0_51.jdk/Contents/Home/jre/lib/ext/localedata.jar:/Library/Java/JavaVirtualMachines/jdk1.8.0_51.jdk/Contents/Home/jre/lib/ext/nashorn.jar:/Library/Java/JavaVirtualMachines/jdk1.8.0_51.jdk/Conten
Launcher Type: SUN_STANDARD

Environment Variables:
PATH=/usr/local/bin:/usr/local/sbin:/opt/local/bin:/opt/local/sbin:/Library/Frameworks/Python.framework/Versions/3.4/bin:/usr/local/bin:/usr/bin:/bin:/usr/sbin:/sbin:/opt/X11/bin:/usr/local/git/bin:/usr/local/sbin/:/Users/rubinkazan/yagarto/yagarto-4.7.2/bin:/Users/rubinkazan/yagarto/yagarto-4.7.2/tools
SHELL=/bin/bash
DISPLAY=/private/tmp/com.apple.launchd.pAI5iHL6V1/org.macosforge.xquartz:0

Signal Handlers:
SIGSEGV: [libjvm.dylib+0x58ef35], sa_mask[0]=11111111011111110111111111111111, sa_flags=SA_ONSTACK|SA_RESTART|SA_SIGINFO
SIGBUS: [libjvm.dylib+0x58ef35], sa_mask[0]=11111111011111110111111111111111, sa_flags=SA_RESTART|SA_SIGINFO
SIGFPE: [libjvm.dylib+0x46c028], sa_mask[0]=11111111011111110111111111111111, sa_flags=SA_RESTART|SA_SIGINFO
SIGPIPE: [libjvm.dylib+0x46c028], sa_mask[0]=11111111011111110111111111111111, sa_flags=SA_RESTART|SA_SIGINFO
SIGXFSZ: [libjvm.dylib+0x46c028], sa_mask[0]=11111111011111110111111111111111, sa_flags=SA_RESTART|SA_SIGINFO
SIGILL: [libjvm.dylib+0x46c028], sa_mask[0]=11111111011111110111111111111111, sa_flags=SA_RESTART|SA_SIGINFO
SIGUSR1: SIG_DFL, sa_mask[0]=00000000000000000000000000000000, sa_flags=none
SIGUSR2: [libjvm.dylib+0x46bb46], sa_mask[0]=00100000000000000000000000000000, sa_flags=SA_RESTART|SA_SIGINFO
SIGHUP: [libjvm.dylib+0x46a119], sa_mask[0]=11111111011111110111111111111111, sa_flags=SA_RESTART|SA_SIGINFO
SIGINT: [libjvm.dylib+0x46a119], sa_mask[0]=11111111011111110111111111111111, sa_flags=SA_RESTART|SA_SIGINFO
SIGTERM: [libjvm.dylib+0x46a119], sa_mask[0]=11111111011111110111111111111111, sa_flags=SA_RESTART|SA_SIGINFO
SIGQUIT: [libjvm.dylib+0x46a119], sa_mask[0]=11111111011111110111111111111111, sa_flags=SA_RESTART|SA_SIGINFO


---------------  S Y S T E M  ---------------

OS:Bsduname:Darwin 14.5.0 Darwin Kernel Version 14.5.0: Wed Jul 29 02:26:53 PDT 2015; root:xnu-2782.40.9~1/RELEASE_X86_64 x86_64
rlimit: STACK 8192k, CORE 0k, NPROC 709, NOFILE 10240, AS infinity
load average:2.84 2.83 2.51

CPU:total 4 (2 cores per cpu, 2 threads per core) family 6 model 69 stepping 1, cmov, cx8, fxsr, mmx, sse, sse2, sse3, ssse3, sse4.1, sse4.2, popcnt, avx, avx2, aes, clmul, erms, lzcnt, ht, tsc, tscinvbit, bmi1, bmi2

Memory: 4k page, physical 4194304k(166572k free)

/proc/meminfo:


vm_info: Java HotSpot(TM) 64-Bit Server VM (25.51-b03) for bsd-amd64 JRE (1.8.0_51-b16), built on Jun  8 2015 18:01:11 by "java_re" with gcc 4.2.1 (Based on Apple Inc. build 5658) (LLVM build 2336.11.00)

time: Mon Sep 12 23:05:41 2016
elapsed time: 148 seconds (0d 0h 2m 28s)

